#
# There is insufficient memory for the Java Runtime Environment to continue.
# Native memory allocation (malloc) failed to allocate 1608480 bytes. Error detail: Chunk::new
# Possible reasons:
#   The system is out of physical RAM or swap space
#   This process is running with CompressedOops enabled, and the Java Heap may be blocking the growth of the native heap
# Possible solutions:
#   Reduce memory load on the system
#   Increase physical memory or swap space
#   Check if swap backing store is full
#   Decrease Java heap size (-Xmx/-Xms)
#   Decrease number of Java threads
#   Decrease Java thread stack sizes (-Xss)
#   Set larger code cache with -XX:ReservedCodeCacheSize=
#   JVM is running with Unscaled Compressed Oops mode in which the Java heap is
#     placed in the first 4GB address space. The Java Heap base address is the
#     maximum limit for the native heap growth. Please use -XX:HeapBaseMinAddress
#     to set the Java Heap base and to place the Java Heap above 4GB virtual address.
# This output file may be truncated or incomplete.
#
#  Out of Memory Error (arena.cpp:168), pid=4428, tid=1848
#
# JRE version: OpenJDK Runtime Environment Temurin-21.0.10+7 (21.0.10+7) (build 21.0.10+7-LTS)
# Java VM: OpenJDK 64-Bit Server VM Temurin-21.0.10+7 (21.0.10+7-LTS, mixed mode, sharing, tiered, compressed oops, compressed class ptrs, parallel gc, windows-amd64)
# No core dump will be written. Minidumps are not enabled by default on client versions of Windows
#

---------------  S U M M A R Y ------------

Command Line: --add-modules=ALL-SYSTEM --add-opens=java.base/java.util=ALL-UNNAMED --add-opens=java.base/java.lang=ALL-UNNAMED --add-opens=java.base/sun.nio.fs=ALL-UNNAMED -Declipse.application=org.eclipse.jdt.ls.core.id1 -Dosgi.bundles.defaultStartLevel=4 -Declipse.product=org.eclipse.jdt.ls.core.product -Djava.import.generatesMetadataFilesAtProjectRoot=false -DDetectVMInstallationsJob.disabled=true -Dfile.encoding=utf8 -XX:+UseParallelGC -XX:GCTimeRatio=4 -XX:AdaptiveSizePolicyWeight=90 -Dsun.zip.disableMemoryMapping=true -Xmx2G -Xms100m -Xlog:disable -javaagent:c:\Users\HP\.vscode\extensions\redhat.java-1.53.0-win32-x64\lombok\lombok-1.18.39-4050.jar -XX:+HeapDumpOnOutOfMemoryError -XX:HeapDumpPath=c:\Users\HP\AppData\Roaming\Code\User\workspaceStorage\f90e1d1b6954b98ca7c92990ee30820b\redhat.java -Daether.dependencyCollector.impl=bf c:\Users\HP\.vscode\extensions\redhat.java-1.53.0-win32-x64\server\plugins\org.eclipse.equinox.launcher_1.7.100.v20251111-0406.jar -configuration c:\Users\HP\AppData\Roaming\Code\User\globalStorage\redhat.java\1.53.0\config_win -data c:\Users\HP\AppData\Roaming\Code\User\workspaceStorage\f90e1d1b6954b98ca7c92990ee30820b\redhat.java\jdt_ws --pipe=\\.\pipe\lsp-fdb3596d7d9c5750a100c282d6cf25b6-sock

Host: Intel(R) Core(TM) i5-6200U CPU @ 2.30GHz, 4 cores, 7G,  Windows 11 , 64 bit Build 22621 (10.0.22621.3958)
Time: Thu Mar 26 01:29:06 2026 W. Central Africa Standard Time elapsed time: 4307.399030 seconds (0d 1h 11m 47s)

---------------  T H R E A D  ---------------

Current thread (0x0000013545694f70):  JavaThread "C2 CompilerThread0" daemon [_thread_in_native, id=1848, stack(0x0000002021000000,0x0000002021100000) (1024K)]


Current CompileTask:
C2:4307399 15448   !   4       org.eclipse.jdt.internal.compiler.lookup.BinaryTypeBinding::cachePartsFrom2 (1809 bytes)

Stack: [0x0000002021000000,0x0000002021100000]
Native frames: (J=compiled Java code, j=interpreted, Vv=VM code, C=native code)
V  [jvm.dll+0x6d7a39]
V  [jvm.dll+0x8b4b26]
V  [jvm.dll+0x8b70de]
V  [jvm.dll+0x8b77c3]
V  [jvm.dll+0x284346]
V  [jvm.dll+0xc66ed]
V  [jvm.dll+0xc6c31]
V  [jvm.dll+0x3bec3b]
V  [jvm.dll+0x1e3f69]
V  [jvm.dll+0x24c6b3]
V  [jvm.dll+0x24bb40]
V  [jvm.dll+0x1cb34e]
V  [jvm.dll+0x25b85d]
V  [jvm.dll+0x259dea]
V  [jvm.dll+0x3f857e]
V  [jvm.dll+0x85f59d]
V  [jvm.dll+0x6d626d]
C  [ucrtbase.dll+0x29333]
C  [KERNEL32.DLL+0x1257d]
C  [ntdll.dll+0x5af08]


---------------  P R O C E S S  ---------------

Threads class SMR info:
_java_thread_list=0x00000135658c1700, length=35, elements={
0x000001354579d570, 0x00000135456889f0, 0x0000013545689f40, 0x0000013545690860,
0x000001354568e460, 0x00000135456913c0, 0x0000013545692020, 0x0000013545694f70,
0x0000013545705080, 0x00000135611c7350, 0x0000013561283d40, 0x00000135612e1900,
0x00000135614175c0, 0x000001356160fdb0, 0x0000013561101650, 0x0000013561b0a710,
0x00000135620ee090, 0x0000013561ea1720, 0x00000135620c3490, 0x00000135620c2e00,
0x000001356297df50, 0x0000013562980020, 0x000001356297ec70, 0x0000013562982e10,
0x0000013562981a60, 0x000001356297be80, 0x00000135629806b0, 0x000001356297c510,
0x00000135624f3770, 0x00000135620c0d30, 0x00000135620c2770, 0x00000135620c06a0,
0x000001356297f990, 0x00000135629820f0, 0x00000135657c48c0
}

Java Threads: ( => current thread )
  0x000001354579d570 JavaThread "main"                              [_thread_blocked, id=2020, stack(0x0000002020600000,0x0000002020700000) (1024K)]
  0x00000135456889f0 JavaThread "Reference Handler"          daemon [_thread_blocked, id=15872, stack(0x0000002020a00000,0x0000002020b00000) (1024K)]
  0x0000013545689f40 JavaThread "Finalizer"                  daemon [_thread_blocked, id=8360, stack(0x0000002020b00000,0x0000002020c00000) (1024K)]
  0x0000013545690860 JavaThread "Signal Dispatcher"          daemon [_thread_blocked, id=12936, stack(0x0000002020c00000,0x0000002020d00000) (1024K)]
  0x000001354568e460 JavaThread "Attach Listener"            daemon [_thread_blocked, id=17236, stack(0x0000002020d00000,0x0000002020e00000) (1024K)]
  0x00000135456913c0 JavaThread "Service Thread"             daemon [_thread_blocked, id=8864, stack(0x0000002020e00000,0x0000002020f00000) (1024K)]
  0x0000013545692020 JavaThread "Monitor Deflation Thread"   daemon [_thread_blocked, id=884, stack(0x0000002020f00000,0x0000002021000000) (1024K)]
=>0x0000013545694f70 JavaThread "C2 CompilerThread0"         daemon [_thread_in_native, id=1848, stack(0x0000002021000000,0x0000002021100000) (1024K)]
  0x0000013545705080 JavaThread "C1 CompilerThread0"         daemon [_thread_blocked, id=14620, stack(0x0000002021100000,0x0000002021200000) (1024K)]
  0x00000135611c7350 JavaThread "Common-Cleaner"             daemon [_thread_blocked, id=8248, stack(0x0000002021200000,0x0000002021300000) (1024K)]
  0x0000013561283d40 JavaThread "Notification Thread"        daemon [_thread_blocked, id=16440, stack(0x0000002021300000,0x0000002021400000) (1024K)]
  0x00000135612e1900 JavaThread "Active Thread: Equinox Container: a300d54e-55a1-4a2a-a4e8-9cc896124b5e"        [_thread_blocked, id=12476, stack(0x0000002021700000,0x0000002021800000) (1024K)]
  0x00000135614175c0 JavaThread "Refresh Thread: Equinox Container: a300d54e-55a1-4a2a-a4e8-9cc896124b5e" daemon [_thread_blocked, id=17176, stack(0x0000002021800000,0x0000002021900000) (1024K)]
  0x000001356160fdb0 JavaThread "Framework Event Dispatcher: Equinox Container: a300d54e-55a1-4a2a-a4e8-9cc896124b5e" daemon [_thread_blocked, id=4948, stack(0x0000002021900000,0x0000002021a00000) (1024K)]
  0x0000013561101650 JavaThread "Start Level: Equinox Container: a300d54e-55a1-4a2a-a4e8-9cc896124b5e" daemon [_thread_blocked, id=9948, stack(0x0000002021a00000,0x0000002021b00000) (1024K)]
  0x0000013561b0a710 JavaThread "Bundle File Closer"         daemon [_thread_blocked, id=2328, stack(0x0000002021b00000,0x0000002021c00000) (1024K)]
  0x00000135620ee090 JavaThread "SCR Component Actor"        daemon [_thread_blocked, id=13184, stack(0x0000002021c00000,0x0000002021d00000) (1024K)]
  0x0000013561ea1720 JavaThread "Worker-JM"                         [_thread_blocked, id=6256, stack(0x0000002021d00000,0x0000002021e00000) (1024K)]
  0x00000135620c3490 JavaThread "JNA Cleaner"                daemon [_thread_blocked, id=10256, stack(0x0000002021e00000,0x0000002021f00000) (1024K)]
  0x00000135620c2e00 JavaThread "Java indexing"              daemon [_thread_in_native, id=7820, stack(0x0000002022300000,0x0000002022400000) (1024K)]
  0x000001356297df50 JavaThread "Thread-1"                   daemon [_thread_in_native, id=9076, stack(0x0000002022700000,0x0000002022800000) (1024K)]
  0x0000013562980020 JavaThread "Thread-2"                   daemon [_thread_in_native, id=15816, stack(0x0000002022800000,0x0000002022900000) (1024K)]
  0x000001356297ec70 JavaThread "Thread-3"                   daemon [_thread_in_native, id=7084, stack(0x0000002022900000,0x0000002022a00000) (1024K)]
  0x0000013562982e10 JavaThread "Thread-4"                   daemon [_thread_in_native, id=11584, stack(0x0000002022a00000,0x0000002022b00000) (1024K)]
  0x0000013562981a60 JavaThread "Thread-5"                   daemon [_thread_in_native, id=16580, stack(0x0000002022b00000,0x0000002022c00000) (1024K)]
  0x000001356297be80 JavaThread "pool-2-thread-1"                   [_thread_blocked, id=2808, stack(0x0000002022c00000,0x0000002022d00000) (1024K)]
  0x00000135629806b0 JavaThread "WorkspaceEventsHandler"            [_thread_blocked, id=16836, stack(0x0000002022d00000,0x0000002022e00000) (1024K)]
  0x000001356297c510 JavaThread "pool-1-thread-1"                   [_thread_blocked, id=15744, stack(0x0000002022e00000,0x0000002022f00000) (1024K)]
  0x00000135624f3770 JavaThread "Worker-6"                          [_thread_blocked, id=9300, stack(0x0000002022500000,0x0000002022600000) (1024K)]
  0x00000135620c0d30 JavaThread "Worker-7"                          [_thread_blocked, id=17260, stack(0x0000002022000000,0x0000002022100000) (1024K)]
  0x00000135620c2770 JavaThread "Compiler Source File Reader" daemon [_thread_blocked, id=1268, stack(0x0000002020400000,0x0000002020500000) (1024K)]
  0x00000135620c06a0 JavaThread "Compiler Source File Reader" daemon [_thread_blocked, id=14992, stack(0x0000002020500000,0x0000002020600000) (1024K)]
  0x000001356297f990 JavaThread "Compiler Processing Task"   daemon [_thread_blocked, id=12528, stack(0x0000002021f00000,0x0000002022000000) (1024K)]
  0x00000135629820f0 JavaThread "Worker-8"                          [_thread_blocked, id=16240, stack(0x0000002022100000,0x0000002022200000) (1024K)]
  0x00000135657c48c0 JavaThread "C2 CompilerThread1"         daemon [_thread_blocked, id=15076, stack(0x0000002022200000,0x0000002022300000) (1024K)]
Total: 35

Other Threads:
  0x000001354585c880 VMThread "VM Thread"                           [id=11332, stack(0x0000002020900000,0x0000002020a00000) (1024K)]
  0x0000013545808230 WatcherThread "VM Periodic Task Thread"        [id=4116, stack(0x0000002020800000,0x0000002020900000) (1024K)]
  0x00000135457bc470 WorkerThread "GC Thread#0"                     [id=14816, stack(0x0000002020700000,0x0000002020800000) (1024K)]
  0x000001356124be20 WorkerThread "GC Thread#1"                     [id=14260, stack(0x0000002021400000,0x0000002021500000) (1024K)]
  0x000001356124c1d0 WorkerThread "GC Thread#2"                     [id=12436, stack(0x0000002021500000,0x0000002021600000) (1024K)]
  0x000001356124b6c0 WorkerThread "GC Thread#3"                     [id=8980, stack(0x0000002021600000,0x0000002021700000) (1024K)]
Total: 6

Threads with active compile tasks:
C2 CompilerThread0  4307481 15448   !   4       org.eclipse.jdt.internal.compiler.lookup.BinaryTypeBinding::cachePartsFrom2 (1809 bytes)
Total: 1

VM state: not at safepoint (normal execution)

VM Mutex/Monitor currently owned by a thread: None

Heap address: 0x0000000080000000, size: 2048 MB, Compressed Oops mode: 32-bit

CDS archive(s) mapped at: [0x0000013500000000-0x0000013500ba0000-0x0000013500ba0000), size 12189696, SharedBaseAddress: 0x0000013500000000, ArchiveRelocationMode: 1.
Compressed class space mapped at: 0x0000013501000000-0x0000013541000000, reserved size: 1073741824
Narrow klass base: 0x0000013500000000, Narrow klass shift: 0, Narrow klass range: 0x100000000

GC Precious Log:
 CardTable entry size: 512
 CPUs: 4 total, 4 available
 Memory: 8072M
 Large Page Support: Disabled
 NUMA Support: Disabled
 Compressed Oops: Enabled (32-bit)
 Alignments: Space 512K, Generation 512K, Heap 2M
 Heap Min Capacity: 100M
 Heap Initial Capacity: 100M
 Heap Max Capacity: 2G
 Pre-touch: Disabled
 Parallel Workers: 4

Heap:
 PSYoungGen      total 3584K, used 1460K [0x00000000d5580000, 0x00000000d5a80000, 0x0000000100000000)
  eden space 2560K, 47% used [0x00000000d5580000,0x00000000d56ad050,0x00000000d5800000)
  from space 1024K, 25% used [0x00000000d5900000,0x00000000d5940000,0x00000000d5a00000)
  to   space 512K, 0% used [0x00000000d5a00000,0x00000000d5a00000,0x00000000d5a80000)
 ParOldGen       total 513024K, used 512368K [0x0000000080000000, 0x000000009f500000, 0x00000000d5580000)
  object space 513024K, 99% used [0x0000000080000000,0x000000009f45c138,0x000000009f500000)
 Metaspace       used 68163K, committed 69568K, reserved 1114112K
  class space    used 6974K, committed 7616K, reserved 1048576K

Card table byte_map: [0x0000013545140000,0x0000013545550000] _byte_map_base: 0x0000013544d40000

Marking Bits: (ParMarkBitMap*) 0x00007ffc64613450
 Begin Bits: [0x0000013557c50000, 0x0000013559c50000)
 End Bits:   [0x0000013559c50000, 0x000001355bc50000)

Polling page: 0x0000013543640000

Metaspace:

Usage:
  Non-class:     59.75 MB used.
      Class:      6.81 MB used.
       Both:     66.57 MB used.

Virtual space:
  Non-class space:       64.00 MB reserved,      60.50 MB ( 95%) committed,  1 nodes.
      Class space:        1.00 GB reserved,       7.44 MB ( <1%) committed,  1 nodes.
             Both:        1.06 GB reserved,      67.94 MB (  6%) committed. 

Chunk freelists:
   Non-Class:  3.19 MB
       Class:  8.53 MB
        Both:  11.72 MB

MaxMetaspaceSize: unlimited
CompressedClassSpaceSize: 1.00 GB
Initial GC threshold: 21.00 MB
Current GC threshold: 111.56 MB
CDS: on
 - commit_granule_bytes: 65536.
 - commit_granule_words: 8192.
 - virtual_space_node_default_size: 8388608.
 - enlarge_chunks_in_place: 1.
 - use_allocation_guard: 0.


Internal statistics:

num_allocs_failed_limit: 9.
num_arena_births: 1328.
num_arena_deaths: 16.
num_vsnodes_births: 2.
num_vsnodes_deaths: 0.
num_space_committed: 1087.
num_space_uncommitted: 0.
num_chunks_returned_to_freelist: 25.
num_chunks_taken_from_freelist: 4689.
num_chunk_merges: 15.
num_chunk_splits: 2814.
num_chunks_enlarged: 1487.
num_inconsistent_stats: 0.

CodeHeap 'non-profiled nmethods': size=120000Kb used=10708Kb max_used=10708Kb free=109291Kb
 bounds [0x0000013550470000, 0x0000013550ef0000, 0x00000135579a0000]
CodeHeap 'profiled nmethods': size=120000Kb used=30983Kb max_used=30983Kb free=89016Kb
 bounds [0x00000135489a0000, 0x000001354a7f0000, 0x000001354fed0000]
CodeHeap 'non-nmethods': size=5760Kb used=1434Kb max_used=1549Kb free=4325Kb
 bounds [0x000001354fed0000, 0x0000013550140000, 0x0000013550470000]
CodeCache: size=245760Kb, used=43125Kb, max_used=43240Kb, free=202632Kb
 total_blobs=14193, nmethods=13444, adapters=652, full_count=0
Compilation: enabled, stopped_count=0, restarted_count=0

Compilation events (20 events):
Event: 4307.138 Thread 0x0000013545705080 nmethod 15501 0x000001354a7da810 code [0x000001354a7dacc0, 0x000001354a7dd7d8]
Event: 4307.139 Thread 0x0000013545705080 15502   !   3       lombok.core.configuration.FileSystemSourceCache::forUri (180 bytes)
Event: 4307.145 Thread 0x0000013545705080 nmethod 15502 0x000001354a7de990 code [0x000001354a7dee80, 0x000001354a7e13b0]
Event: 4307.146 Thread 0x0000013545705080 15503       3       org.eclipse.jdt.internal.compiler.parser.Parser::getTypeReferenceForGenericType (442 bytes)
Event: 4307.148 Thread 0x0000013545705080 nmethod 15503 0x000001354a7e2390 code [0x000001354a7e2660, 0x000001354a7e3c68]
Event: 4307.148 Thread 0x0000013545705080 15504       3       org.eclipse.jdt.internal.core.util.ReferenceInfoAdapter::acceptMethodReference (1 bytes)
Event: 4307.149 Thread 0x0000013545705080 nmethod 15504 0x000001354a7e4310 code [0x000001354a7e44a0, 0x000001354a7e45a8]
Event: 4307.152 Thread 0x0000013545705080 15505       3       org.eclipse.jdt.internal.compiler.parser.Parser::newAllocationExpression (25 bytes)
Event: 4307.153 Thread 0x0000013545705080 nmethod 15505 0x000001354a7e4690 code [0x000001354a7e4880, 0x000001354a7e4d60]
Event: 4307.153 Thread 0x0000013545705080 15508       3       org.eclipse.jdt.internal.compiler.SourceElementParser::newSingleNameReference (10 bytes)
Event: 4307.154 Thread 0x0000013545705080 nmethod 15508 0x000001354a7e4f10 code [0x000001354a7e50e0, 0x000001354a7e5538]
Event: 4307.154 Thread 0x0000013545705080 15509       3       org.eclipse.jdt.internal.core.util.ReferenceInfoAdapter::acceptUnknownReference (1 bytes)
Event: 4307.154 Thread 0x0000013545705080 nmethod 15509 0x0000013548dc9a90 code [0x0000013548dc9c20, 0x0000013548dc9d28]
Event: 4307.154 Thread 0x0000013545705080 15506       3       org.eclipse.jdt.internal.compiler.ast.AllocationExpression::<init> (24 bytes)
Event: 4307.154 Thread 0x0000013545705080 nmethod 15506 0x000001354a7e5710 code [0x000001354a7e58c0, 0x000001354a7e5b90]
Event: 4307.154 Thread 0x0000013545705080 15507       3       org.eclipse.jdt.internal.compiler.parser.Parser::checkForDiamond (80 bytes)
Event: 4307.155 Thread 0x0000013545705080 nmethod 15507 0x000001354a7e5d10 code [0x000001354a7e5ee0, 0x000001354a7e6520]
Event: 4307.288 Thread 0x00000135657c48c0 nmethod 15500 0x0000013550ee0a90 code [0x0000013550ee1040, 0x0000013550ee3d60]
Event: 4307.289 Thread 0x00000135657c48c0 15510       4       lombok.eclipse.EclipseAST::buildTree (10 bytes)
Event: 4307.293 Thread 0x00000135657c48c0 nmethod 15510 0x0000013550ee4b10 code [0x0000013550ee4ce0, 0x0000013550ee4f38]

GC Heap History (20 events):
Event: 4296.978 GC heap before
{Heap before GC invocations=391 (full 4):
 PSYoungGen      total 1024K, used 1024K [0x00000000d5580000, 0x00000000d5980000, 0x0000000100000000)
  eden space 512K, 100% used [0x00000000d5580000,0x00000000d5600000,0x00000000d5600000)
  from space 512K, 100% used [0x00000000d5600000,0x00000000d5680000,0x00000000d5680000)
  to   space 1536K, 0% used [0x00000000d5800000,0x00000000d5800000,0x00000000d5980000)
 ParOldGen       total 470016K, used 469974K [0x0000000080000000, 0x000000009cb00000, 0x00000000d5580000)
  object space 470016K, 99% used [0x0000000080000000,0x000000009caf5b00,0x000000009cb00000)
 Metaspace       used 68105K, committed 69568K, reserved 1114112K
  class space    used 6972K, committed 7616K, reserved 1048576K
}
Event: 4297.011 GC heap after
{Heap after GC invocations=391 (full 4):
 PSYoungGen      total 1536K, used 512K [0x00000000d5580000, 0x00000000d5880000, 0x0000000100000000)
  eden space 1024K, 0% used [0x00000000d5580000,0x00000000d5580000,0x00000000d5680000)
  from space 512K, 100% used [0x00000000d5800000,0x00000000d5880000,0x00000000d5880000)
  to   space 1024K, 0% used [0x00000000d5680000,0x00000000d5680000,0x00000000d5780000)
 ParOldGen       total 470528K, used 470478K [0x0000000080000000, 0x000000009cb80000, 0x00000000d5580000)
  object space 470528K, 99% used [0x0000000080000000,0x000000009cb73b00,0x000000009cb80000)
 Metaspace       used 68105K, committed 69568K, reserved 1114112K
  class space    used 6972K, committed 7616K, reserved 1048576K
}
Event: 4297.015 GC heap before
{Heap before GC invocations=392 (full 4):
 PSYoungGen      total 1536K, used 1536K [0x00000000d5580000, 0x00000000d5880000, 0x0000000100000000)
  eden space 1024K, 100% used [0x00000000d5580000,0x00000000d5680000,0x00000000d5680000)
  from space 512K, 100% used [0x00000000d5800000,0x00000000d5880000,0x00000000d5880000)
  to   space 1024K, 0% used [0x00000000d5680000,0x00000000d5680000,0x00000000d5780000)
 ParOldGen       total 470528K, used 470478K [0x0000000080000000, 0x000000009cb80000, 0x00000000d5580000)
  object space 470528K, 99% used [0x0000000080000000,0x000000009cb73b00,0x000000009cb80000)
 Metaspace       used 68105K, committed 69568K, reserved 1114112K
  class space    used 6972K, committed 7616K, reserved 1048576K
}
Event: 4297.029 GC heap after
{Heap after GC invocations=392 (full 4):
 PSYoungGen      total 2048K, used 1024K [0x00000000d5580000, 0x00000000d5b00000, 0x0000000100000000)
  eden space 1024K, 0% used [0x00000000d5580000,0x00000000d5580000,0x00000000d5680000)
  from space 1024K, 100% used [0x00000000d5680000,0x00000000d5780000,0x00000000d5780000)
  to   space 2048K, 0% used [0x00000000d5900000,0x00000000d5900000,0x00000000d5b00000)
 ParOldGen       total 471040K, used 470982K [0x0000000080000000, 0x000000009cc00000, 0x00000000d5580000)
  object space 471040K, 99% used [0x0000000080000000,0x000000009cbf1b00,0x000000009cc00000)
 Metaspace       used 68105K, committed 69568K, reserved 1114112K
  class space    used 6972K, committed 7616K, reserved 1048576K
}
Event: 4297.034 GC heap before
{Heap before GC invocations=393 (full 4):
 PSYoungGen      total 2048K, used 2048K [0x00000000d5580000, 0x00000000d5b00000, 0x0000000100000000)
  eden space 1024K, 100% used [0x00000000d5580000,0x00000000d5680000,0x00000000d5680000)
  from space 1024K, 100% used [0x00000000d5680000,0x00000000d5780000,0x00000000d5780000)
  to   space 2048K, 0% used [0x00000000d5900000,0x00000000d5900000,0x00000000d5b00000)
 ParOldGen       total 471040K, used 470982K [0x0000000080000000, 0x000000009cc00000, 0x00000000d5580000)
  object space 471040K, 99% used [0x0000000080000000,0x000000009cbf1b00,0x000000009cc00000)
 Metaspace       used 68105K, committed 69568K, reserved 1114112K
  class space    used 6972K, committed 7616K, reserved 1048576K
}
Event: 4297.049 GC heap after
{Heap after GC invocations=393 (full 4):
 PSYoungGen      total 3072K, used 1056K [0x00000000d5580000, 0x00000000d5a80000, 0x0000000100000000)
  eden space 1536K, 0% used [0x00000000d5580000,0x00000000d5580000,0x00000000d5700000)
  from space 1536K, 68% used [0x00000000d5900000,0x00000000d5a08000,0x00000000d5a80000)
  to   space 1536K, 0% used [0x00000000d5780000,0x00000000d5780000,0x00000000d5900000)
 ParOldGen       total 472064K, used 471982K [0x0000000080000000, 0x000000009cd00000, 0x00000000d5580000)
  object space 472064K, 99% used [0x0000000080000000,0x000000009ccebb00,0x000000009cd00000)
 Metaspace       used 68105K, committed 69568K, reserved 1114112K
  class space    used 6972K, committed 7616K, reserved 1048576K
}
Event: 4297.061 GC heap before
{Heap before GC invocations=394 (full 4):
 PSYoungGen      total 3072K, used 2592K [0x00000000d5580000, 0x00000000d5a80000, 0x0000000100000000)
  eden space 1536K, 100% used [0x00000000d5580000,0x00000000d5700000,0x00000000d5700000)
  from space 1536K, 68% used [0x00000000d5900000,0x00000000d5a08000,0x00000000d5a80000)
  to   space 1536K, 0% used [0x00000000d5780000,0x00000000d5780000,0x00000000d5900000)
 ParOldGen       total 472064K, used 471982K [0x0000000080000000, 0x000000009cd00000, 0x00000000d5580000)
  object space 472064K, 99% used [0x0000000080000000,0x000000009ccebb00,0x000000009cd00000)
 Metaspace       used 68105K, committed 69568K, reserved 1114112K
  class space    used 6972K, committed 7616K, reserved 1048576K
}
Event: 4297.069 GC heap after
{Heap after GC invocations=394 (full 4):
 PSYoungGen      total 3584K, used 1536K [0x00000000d5580000, 0x00000000d5d80000, 0x0000000100000000)
  eden space 2048K, 0% used [0x00000000d5580000,0x00000000d5580000,0x00000000d5780000)
  from space 1536K, 100% used [0x00000000d5780000,0x00000000d5900000,0x00000000d5900000)
  to   space 3072K, 0% used [0x00000000d5a80000,0x00000000d5a80000,0x00000000d5d80000)
 ParOldGen       total 473088K, used 473014K [0x0000000080000000, 0x000000009ce00000, 0x00000000d5580000)
  object space 473088K, 99% used [0x0000000080000000,0x000000009cdedb00,0x000000009ce00000)
 Metaspace       used 68105K, committed 69568K, reserved 1114112K
  class space    used 6972K, committed 7616K, reserved 1048576K
}
Event: 4301.868 GC heap before
{Heap before GC invocations=395 (full 4):
 PSYoungGen      total 3584K, used 3584K [0x00000000d5580000, 0x00000000d5d80000, 0x0000000100000000)
  eden space 2048K, 100% used [0x00000000d5580000,0x00000000d5780000,0x00000000d5780000)
  from space 1536K, 100% used [0x00000000d5780000,0x00000000d5900000,0x00000000d5900000)
  to   space 3072K, 0% used [0x00000000d5a80000,0x00000000d5a80000,0x00000000d5d80000)
 ParOldGen       total 473088K, used 473014K [0x0000000080000000, 0x000000009ce00000, 0x00000000d5580000)
  object space 473088K, 99% used [0x0000000080000000,0x000000009cdedb00,0x000000009ce00000)
 Metaspace       used 68106K, committed 69568K, reserved 1114112K
  class space    used 6972K, committed 7616K, reserved 1048576K
}
Event: 4301.920 GC heap after
{Heap after GC invocations=395 (full 4):
 PSYoungGen      total 4096K, used 1002K [0x00000000d5580000, 0x00000000d5c00000, 0x0000000100000000)
  eden space 2560K, 0% used [0x00000000d5580000,0x00000000d5580000,0x00000000d5800000)
  from space 1536K, 65% used [0x00000000d5a80000,0x00000000d5b7a800,0x00000000d5c00000)
  to   space 2048K, 0% used [0x00000000d5800000,0x00000000d5800000,0x00000000d5a00000)
 ParOldGen       total 474624K, used 474542K [0x0000000080000000, 0x000000009cf80000, 0x00000000d5580000)
  object space 474624K, 99% used [0x0000000080000000,0x000000009cf6bb00,0x000000009cf80000)
 Metaspace       used 68106K, committed 69568K, reserved 1114112K
  class space    used 6972K, committed 7616K, reserved 1048576K
}
Event: 4306.204 GC heap before
{Heap before GC invocations=396 (full 4):
 PSYoungGen      total 4096K, used 3548K [0x00000000d5580000, 0x00000000d5c00000, 0x0000000100000000)
  eden space 2560K, 99% used [0x00000000d5580000,0x00000000d57fc8b8,0x00000000d5800000)
  from space 1536K, 65% used [0x00000000d5a80000,0x00000000d5b7a800,0x00000000d5c00000)
  to   space 2048K, 0% used [0x00000000d5800000,0x00000000d5800000,0x00000000d5a00000)
 ParOldGen       total 474624K, used 474542K [0x0000000080000000, 0x000000009cf80000, 0x00000000d5580000)
  object space 474624K, 99% used [0x0000000080000000,0x000000009cf6bb00,0x000000009cf80000)
 Metaspace       used 68106K, committed 69568K, reserved 1114112K
  class space    used 6972K, committed 7616K, reserved 1048576K
}
Event: 4306.211 GC heap after
{Heap after GC invocations=396 (full 4):
 PSYoungGen      total 4608K, used 1888K [0x00000000d5580000, 0x00000000d5d80000, 0x0000000100000000)
  eden space 2560K, 0% used [0x00000000d5580000,0x00000000d5580000,0x00000000d5800000)
  from space 2048K, 92% used [0x00000000d5800000,0x00000000d59d8000,0x00000000d5a00000)
  to   space 2560K, 0% used [0x00000000d5b00000,0x00000000d5b00000,0x00000000d5d80000)
 ParOldGen       total 475648K, used 475366K [0x0000000080000000, 0x000000009d080000, 0x00000000d5580000)
  object space 475648K, 99% used [0x0000000080000000,0x000000009d039b10,0x000000009d080000)
 Metaspace       used 68106K, committed 69568K, reserved 1114112K
  class space    used 6972K, committed 7616K, reserved 1048576K
}
Event: 4306.249 GC heap before
{Heap before GC invocations=397 (full 4):
 PSYoungGen      total 4608K, used 4448K [0x00000000d5580000, 0x00000000d5d80000, 0x0000000100000000)
  eden space 2560K, 100% used [0x00000000d5580000,0x00000000d5800000,0x00000000d5800000)
  from space 2048K, 92% used [0x00000000d5800000,0x00000000d59d8000,0x00000000d5a00000)
  to   space 2560K, 0% used [0x00000000d5b00000,0x00000000d5b00000,0x00000000d5d80000)
 ParOldGen       total 475648K, used 475366K [0x0000000080000000, 0x000000009d080000, 0x00000000d5580000)
  object space 475648K, 99% used [0x0000000080000000,0x000000009d039b10,0x000000009d080000)
 Metaspace       used 68106K, committed 69568K, reserved 1114112K
  class space    used 6972K, committed 7616K, reserved 1048576K
}
Event: 4306.255 GC heap after
{Heap after GC invocations=397 (full 4):
 PSYoungGen      total 5120K, used 2480K [0x00000000d5580000, 0x00000000d5e80000, 0x0000000100000000)
  eden space 2560K, 0% used [0x00000000d5580000,0x00000000d5580000,0x00000000d5800000)
  from space 2560K, 96% used [0x00000000d5b00000,0x00000000d5d6c088,0x00000000d5d80000)
  to   space 3072K, 0% used [0x00000000d5800000,0x00000000d5800000,0x00000000d5b00000)
 ParOldGen       total 477696K, used 477305K [0x0000000080000000, 0x000000009d280000, 0x00000000d5580000)
  object space 477696K, 99% used [0x0000000080000000,0x000000009d21e568,0x000000009d280000)
 Metaspace       used 68106K, committed 69568K, reserved 1114112K
  class space    used 6972K, committed 7616K, reserved 1048576K
}
Event: 4306.416 GC heap before
{Heap before GC invocations=398 (full 4):
 PSYoungGen      total 5120K, used 5040K [0x00000000d5580000, 0x00000000d5e80000, 0x0000000100000000)
  eden space 2560K, 100% used [0x00000000d5580000,0x00000000d5800000,0x00000000d5800000)
  from space 2560K, 96% used [0x00000000d5b00000,0x00000000d5d6c088,0x00000000d5d80000)
  to   space 3072K, 0% used [0x00000000d5800000,0x00000000d5800000,0x00000000d5b00000)
 ParOldGen       total 477696K, used 477305K [0x0000000080000000, 0x000000009d280000, 0x00000000d5580000)
  object space 477696K, 99% used [0x0000000080000000,0x000000009d21e568,0x000000009d280000)
 Metaspace       used 68119K, committed 69568K, reserved 1114112K
  class space    used 6974K, committed 7616K, reserved 1048576K
}
Event: 4306.420 GC heap after
{Heap after GC invocations=398 (full 4):
 PSYoungGen      total 4096K, used 1513K [0x00000000d5580000, 0x00000000d5c00000, 0x0000000100000000)
  eden space 2560K, 0% used [0x00000000d5580000,0x00000000d5580000,0x00000000d5800000)
  from space 1536K, 98% used [0x00000000d5800000,0x00000000d597a708,0x00000000d5980000)
  to   space 2048K, 0% used [0x00000000d5a00000,0x00000000d5a00000,0x00000000d5c00000)
 ParOldGen       total 479744K, used 479729K [0x0000000080000000, 0x000000009d480000, 0x00000000d5580000)
  object space 479744K, 99% used [0x0000000080000000,0x000000009d47c660,0x000000009d480000)
 Metaspace       used 68119K, committed 69568K, reserved 1114112K
  class space    used 6974K, committed 7616K, reserved 1048576K
}
Event: 4306.666 GC heap before
{Heap before GC invocations=399 (full 4):
 PSYoungGen      total 4096K, used 4073K [0x00000000d5580000, 0x00000000d5c00000, 0x0000000100000000)
  eden space 2560K, 100% used [0x00000000d5580000,0x00000000d5800000,0x00000000d5800000)
  from space 1536K, 98% used [0x00000000d5800000,0x00000000d597a708,0x00000000d5980000)
  to   space 2048K, 0% used [0x00000000d5a00000,0x00000000d5a00000,0x00000000d5c00000)
 ParOldGen       total 479744K, used 479729K [0x0000000080000000, 0x000000009d480000, 0x00000000d5580000)
  object space 479744K, 99% used [0x0000000080000000,0x000000009d47c660,0x000000009d480000)
 Metaspace       used 68141K, committed 69568K, reserved 1114112K
  class space    used 6974K, committed 7616K, reserved 1048576K
}
Event: 4306.669 GC heap after
{Heap after GC invocations=399 (full 4):
 PSYoungGen      total 3584K, used 640K [0x00000000d5580000, 0x00000000d5b00000, 0x0000000100000000)
  eden space 2560K, 0% used [0x00000000d5580000,0x00000000d5580000,0x00000000d5800000)
  from space 1024K, 62% used [0x00000000d5a00000,0x00000000d5aa0000,0x00000000d5b00000)
  to   space 1024K, 0% used [0x00000000d5900000,0x00000000d5900000,0x00000000d5a00000)
 ParOldGen       total 481280K, used 481148K [0x0000000080000000, 0x000000009d600000, 0x00000000d5580000)
  object space 481280K, 99% used [0x0000000080000000,0x000000009d5df0f8,0x000000009d600000)
 Metaspace       used 68141K, committed 69568K, reserved 1114112K
  class space    used 6974K, committed 7616K, reserved 1048576K
}
Event: 4307.050 GC heap before
{Heap before GC invocations=400 (full 4):
 PSYoungGen      total 3584K, used 3200K [0x00000000d5580000, 0x00000000d5b00000, 0x0000000100000000)
  eden space 2560K, 100% used [0x00000000d5580000,0x00000000d5800000,0x00000000d5800000)
  from space 1024K, 62% used [0x00000000d5a00000,0x00000000d5aa0000,0x00000000d5b00000)
  to   space 1024K, 0% used [0x00000000d5900000,0x00000000d5900000,0x00000000d5a00000)
 ParOldGen       total 513024K, used 511868K [0x0000000080000000, 0x000000009f500000, 0x00000000d5580000)
  object space 513024K, 99% used [0x0000000080000000,0x000000009f3df128,0x000000009f500000)
 Metaspace       used 68152K, committed 69568K, reserved 1114112K
  class space    used 6974K, committed 7616K, reserved 1048576K
}
Event: 4307.052 GC heap after
{Heap after GC invocations=400 (full 4):
 PSYoungGen      total 3584K, used 256K [0x00000000d5580000, 0x00000000d5a80000, 0x0000000100000000)
  eden space 2560K, 0% used [0x00000000d5580000,0x00000000d5580000,0x00000000d5800000)
  from space 1024K, 25% used [0x00000000d5900000,0x00000000d5940000,0x00000000d5a00000)
  to   space 512K, 0% used [0x00000000d5a00000,0x00000000d5a00000,0x00000000d5a80000)
 ParOldGen       total 513024K, used 512368K [0x0000000080000000, 0x000000009f500000, 0x00000000d5580000)
  object space 513024K, 99% used [0x0000000080000000,0x000000009f45c138,0x000000009f500000)
 Metaspace       used 68152K, committed 69568K, reserved 1114112K
  class space    used 6974K, committed 7616K, reserved 1048576K
}

Dll operation events (10 events):
Event: 0.021 Loaded shared library c:\Users\HP\.vscode\extensions\redhat.java-1.53.0-win32-x64\jre\21.0.10-win32-x86_64\bin\java.dll
Event: 0.520 Loaded shared library c:\Users\HP\.vscode\extensions\redhat.java-1.53.0-win32-x64\jre\21.0.10-win32-x86_64\bin\zip.dll
Event: 0.643 Loaded shared library C:\Users\HP\.vscode\extensions\redhat.java-1.53.0-win32-x64\jre\21.0.10-win32-x86_64\bin\instrument.dll
Event: 0.709 Loaded shared library C:\Users\HP\.vscode\extensions\redhat.java-1.53.0-win32-x64\jre\21.0.10-win32-x86_64\bin\net.dll
Event: 0.713 Loaded shared library C:\Users\HP\.vscode\extensions\redhat.java-1.53.0-win32-x64\jre\21.0.10-win32-x86_64\bin\nio.dll
Event: 0.720 Loaded shared library C:\Users\HP\.vscode\extensions\redhat.java-1.53.0-win32-x64\jre\21.0.10-win32-x86_64\bin\zip.dll
Event: 0.815 Loaded shared library C:\Users\HP\.vscode\extensions\redhat.java-1.53.0-win32-x64\jre\21.0.10-win32-x86_64\bin\jimage.dll
Event: 1.144 Loaded shared library c:\Users\HP\.vscode\extensions\redhat.java-1.53.0-win32-x64\jre\21.0.10-win32-x86_64\bin\verify.dll
Event: 9.934 Loaded shared library C:\Users\HP\AppData\Roaming\Code\User\globalStorage\redhat.java\1.53.0\config_win\org.eclipse.equinox.launcher\org.eclipse.equinox.launcher.win32.win32.x86_64_1.3.0.v20260203-2149\eclipse_11919.dll
Event: 15.880 Loaded shared library C:\Users\HP\AppData\Local\Temp\jna-2312\jna15929805376038348977.dll

Deoptimization events (20 events):
Event: 2838.294 Thread 0x00000135620c2e00 DEOPT PACKING pc=0x0000013550bf9ac0 sp=0x00000020223feb10
Event: 2838.294 Thread 0x00000135620c2e00 DEOPT UNPACKING pc=0x000001354ff23aa2 sp=0x00000020223fea20 mode 2
Event: 2838.421 Thread 0x00000135620c2e00 DEOPT PACKING pc=0x0000013548e7364e sp=0x00000020223fead0
Event: 2838.421 Thread 0x00000135620c2e00 DEOPT UNPACKING pc=0x000001354ff24242 sp=0x00000020223fdfb0 mode 0
Event: 2838.665 Thread 0x00000135620c2e00 Uncommon trap: trap_request=0xffffffde fr.pc=0x0000013550d6a18c relative=0x000000000000122c
Event: 2838.665 Thread 0x00000135620c2e00 Uncommon trap: reason=class_check action=maybe_recompile pc=0x0000013550d6a18c method=org.eclipse.jdt.internal.compiler.lookup.BinaryTypeBinding.scanMethodForNullAnnotation(Lorg/eclipse/jdt/internal/compiler/env/IBinaryMethod;Lorg/eclipse/jdt/internal/com
Event: 2838.665 Thread 0x00000135620c2e00 DEOPT PACKING pc=0x0000013550d6a18c sp=0x00000020223fe340
Event: 2838.665 Thread 0x00000135620c2e00 DEOPT UNPACKING pc=0x000001354ff23aa2 sp=0x00000020223fe2b8 mode 2
Event: 4286.915 Thread 0x00000135620c0d30 Uncommon trap: trap_request=0xffffff45 fr.pc=0x000001355065d8a4 relative=0x00000000000027c4
Event: 4286.915 Thread 0x00000135620c0d30 Uncommon trap: reason=unstable_if action=reinterpret pc=0x000001355065d8a4 method=org.eclipse.jdt.internal.core.builder.BuildNotifier.checkCancel()V @ 80 c2
Event: 4286.915 Thread 0x00000135620c0d30 DEOPT PACKING pc=0x000001355065d8a4 sp=0x00000020220fe200
Event: 4286.916 Thread 0x00000135620c0d30 DEOPT UNPACKING pc=0x000001354ff23aa2 sp=0x00000020220fe0e8 mode 2
Event: 4289.661 Thread 0x00000135620c2e00 DEOPT PACKING pc=0x0000013548e7364e sp=0x00000020223fead0
Event: 4289.661 Thread 0x00000135620c2e00 DEOPT UNPACKING pc=0x000001354ff24242 sp=0x00000020223fdfb0 mode 0
Event: 4306.269 Thread 0x00000135620c2e00 DEOPT PACKING pc=0x0000013548e7364e sp=0x00000020223fead0
Event: 4306.269 Thread 0x00000135620c2e00 DEOPT UNPACKING pc=0x000001354ff24242 sp=0x00000020223fdfb0 mode 0
Event: 4307.386 Thread 0x00000135620c0d30 Uncommon trap: trap_request=0xffffff76 fr.pc=0x0000013550ec9b14 relative=0x0000000000000174
Event: 4307.386 Thread 0x00000135620c0d30 Uncommon trap: reason=predicate action=maybe_recompile pc=0x0000013550ec9b14 method=java.util.Arrays.fill([Ljava/lang/Object;IILjava/lang/Object;)V @ 13 c2
Event: 4307.386 Thread 0x00000135620c0d30 DEOPT PACKING pc=0x0000013550ec9b14 sp=0x00000020220feef0
Event: 4307.386 Thread 0x00000135620c0d30 DEOPT UNPACKING pc=0x000001354ff23aa2 sp=0x00000020220feea0 mode 2

Classes loaded (20 events):
Event: 398.767 Loading class java/util/stream/Nodes$CollectorTask$OfRef
Event: 398.767 Loading class java/util/stream/Nodes$CollectorTask
Event: 398.768 Loading class java/util/stream/Nodes$CollectorTask done
Event: 398.769 Loading class java/util/stream/Nodes$CollectorTask$OfRef done
Event: 398.769 Loading class java/util/function/LongFunction
Event: 398.769 Loading class java/util/function/LongFunction done
Event: 398.770 Loading class java/util/stream/Nodes$ConcNode
Event: 398.771 Loading class java/util/stream/Nodes$AbstractConcNode
Event: 398.772 Loading class java/util/stream/Nodes$AbstractConcNode done
Event: 398.772 Loading class java/util/stream/Nodes$ConcNode done
Event: 398.809 Loading class java/io/ObjectOutputStream$BlockDataOutputStream
Event: 398.810 Loading class java/io/ObjectOutputStream$BlockDataOutputStream done
Event: 398.810 Loading class java/io/ObjectOutputStream$HandleTable
Event: 398.810 Loading class java/io/ObjectOutputStream$HandleTable done
Event: 398.810 Loading class java/io/ObjectOutputStream$ReplaceTable
Event: 398.811 Loading class java/io/ObjectOutputStream$ReplaceTable done
Event: 939.213 Loading class java/nio/BufferMismatch
Event: 939.216 Loading class java/nio/BufferMismatch done
Event: 2705.191 Loading class java/lang/StringLatin1$LinesSpliterator
Event: 2705.204 Loading class java/lang/StringLatin1$LinesSpliterator done

Classes unloaded (8 events):
Event: 18.792 Thread 0x000001354585c880 Unloading class 0x00000135011ad400 'java/lang/invoke/LambdaForm$MH+0x00000135011ad400'
Event: 18.792 Thread 0x000001354585c880 Unloading class 0x00000135011ad000 'java/lang/invoke/LambdaForm$MH+0x00000135011ad000'
Event: 18.792 Thread 0x000001354585c880 Unloading class 0x00000135011acc00 'java/lang/invoke/LambdaForm$MH+0x00000135011acc00'
Event: 18.792 Thread 0x000001354585c880 Unloading class 0x00000135011ac800 'java/lang/invoke/LambdaForm$MH+0x00000135011ac800'
Event: 18.792 Thread 0x000001354585c880 Unloading class 0x00000135011ac400 'java/lang/invoke/LambdaForm$BMH+0x00000135011ac400'
Event: 18.792 Thread 0x000001354585c880 Unloading class 0x00000135011ac000 'java/lang/invoke/LambdaForm$DMH+0x00000135011ac000'
Event: 18.792 Thread 0x000001354585c880 Unloading class 0x00000135011aac00 'java/lang/invoke/LambdaForm$DMH+0x00000135011aac00'
Event: 104.061 Thread 0x000001354585c880 Unloading class 0x0000013501610400 'java/lang/invoke/LambdaForm$DMH+0x0000013501610400'

Classes redefined (0 events):
No events

Internal exceptions (20 events):
Event: 2722.912 Thread 0x00000135620c2e00 Implicit null exception at 0x00000135492bc79b to 0x00000135492bfffb
Event: 2722.912 Thread 0x00000135620c2e00 Exception <a 'java/lang/NullPointerException'{0x00000000d57ca368}> (0x00000000d57ca368) 
thrown [s\src\hotspot\share\runtime\sharedRuntime.cpp, line 625]
Event: 2722.912 Thread 0x00000135620c2e00 Implicit null exception at 0x00000135492bc79b to 0x00000135492bfffb
Event: 2722.912 Thread 0x00000135620c2e00 Exception <a 'java/lang/NullPointerException'{0x00000000d57cb0d8}> (0x00000000d57cb0d8) 
thrown [s\src\hotspot\share\runtime\sharedRuntime.cpp, line 625]
Event: 2738.416 Thread 0x00000135620c2e00 Exception <a 'sun/nio/fs/WindowsException'{0x00000000d58f12f0}> (0x00000000d58f12f0) 
thrown [s\src\hotspot\share\prims\jni.cpp, line 520]
Event: 2739.325 Thread 0x00000135620c2e00 Exception <a 'sun/nio/fs/WindowsException'{0x00000000d5669220}> (0x00000000d5669220) 
thrown [s\src\hotspot\share\prims\jni.cpp, line 520]
Event: 2837.482 Thread 0x00000135620c2e00 Exception <a 'sun/nio/fs/WindowsException'{0x00000000d55876c0}> (0x00000000d55876c0) 
thrown [s\src\hotspot\share\prims\jni.cpp, line 520]
Event: 2838.459 Thread 0x00000135620c2e00 Exception <a 'sun/nio/fs/WindowsException'{0x00000000d55ed550}> (0x00000000d55ed550) 
thrown [s\src\hotspot\share\prims\jni.cpp, line 520]
Event: 2868.466 Thread 0x00000135620c0d30 Exception <a 'sun/nio/fs/WindowsException'{0x00000000d56df3b0}> (0x00000000d56df3b0) 
thrown [s\src\hotspot\share\prims\jni.cpp, line 520]
Event: 2920.753 Thread 0x00000135620c0d30 Exception <a 'sun/nio/fs/WindowsException'{0x00000000d55ce0d0}> (0x00000000d55ce0d0) 
thrown [s\src\hotspot\share\prims\jni.cpp, line 520]
Event: 2920.753 Thread 0x00000135620c0d30 Exception <a 'sun/nio/fs/WindowsException'{0x00000000d55cebb8}> (0x00000000d55cebb8) 
thrown [s\src\hotspot\share\prims\jni.cpp, line 520]
Event: 4287.004 Thread 0x00000135620c2e00 Exception <a 'sun/nio/fs/WindowsException'{0x00000000d55c6dd8}> (0x00000000d55c6dd8) 
thrown [s\src\hotspot\share\prims\jni.cpp, line 520]
Event: 4306.581 Thread 0x000001356297f990 Implicit null exception at 0x00000135492bc79b to 0x00000135492bfffb
Event: 4306.582 Thread 0x000001356297f990 Exception <a 'java/lang/NullPointerException'{0x00000000d57585c8}> (0x00000000d57585c8) 
thrown [s\src\hotspot\share\runtime\sharedRuntime.cpp, line 625]
Event: 4306.582 Thread 0x000001356297f990 Implicit null exception at 0x00000135492bc79b to 0x00000135492bfffb
Event: 4306.582 Thread 0x000001356297f990 Exception <a 'java/lang/NullPointerException'{0x00000000d5759ad0}> (0x00000000d5759ad0) 
thrown [s\src\hotspot\share\runtime\sharedRuntime.cpp, line 625]
Event: 4306.584 Thread 0x000001356297f990 Implicit null exception at 0x00000135492bc79b to 0x00000135492bfffb
Event: 4306.584 Thread 0x000001356297f990 Exception <a 'java/lang/NullPointerException'{0x00000000d575a878}> (0x00000000d575a878) 
thrown [s\src\hotspot\share\runtime\sharedRuntime.cpp, line 625]
Event: 4306.584 Thread 0x000001356297f990 Implicit null exception at 0x00000135492bc79b to 0x00000135492bfffb
Event: 4306.584 Thread 0x000001356297f990 Exception <a 'java/lang/NullPointerException'{0x00000000d575b5e8}> (0x00000000d575b5e8) 
thrown [s\src\hotspot\share\runtime\sharedRuntime.cpp, line 625]

ZGC Phase Switch (0 events):
No events

VM Operations (20 events):
Event: 4296.978 Executing safepoint VM operation: ParallelGCFailedAllocation (Allocation Failure)
Event: 4297.011 Executing safepoint VM operation: ParallelGCFailedAllocation (Allocation Failure) done
Event: 4297.015 Executing safepoint VM operation: ParallelGCFailedAllocation (Allocation Failure)
Event: 4297.029 Executing safepoint VM operation: ParallelGCFailedAllocation (Allocation Failure) done
Event: 4297.034 Executing safepoint VM operation: ParallelGCFailedAllocation (Allocation Failure)
Event: 4297.049 Executing safepoint VM operation: ParallelGCFailedAllocation (Allocation Failure) done
Event: 4297.061 Executing safepoint VM operation: ParallelGCFailedAllocation (Allocation Failure)
Event: 4297.069 Executing safepoint VM operation: ParallelGCFailedAllocation (Allocation Failure) done
Event: 4301.609 Executing safepoint VM operation: ParallelGCFailedAllocation (Allocation Failure)
Event: 4301.920 Executing safepoint VM operation: ParallelGCFailedAllocation (Allocation Failure) done
Event: 4303.355 Executing safepoint VM operation: ParallelGCFailedAllocation (Allocation Failure)
Event: 4306.211 Executing safepoint VM operation: ParallelGCFailedAllocation (Allocation Failure) done
Event: 4306.233 Executing safepoint VM operation: ParallelGCFailedAllocation (Allocation Failure)
Event: 4306.255 Executing safepoint VM operation: ParallelGCFailedAllocation (Allocation Failure) done
Event: 4306.416 Executing safepoint VM operation: ParallelGCFailedAllocation (Allocation Failure)
Event: 4306.420 Executing safepoint VM operation: ParallelGCFailedAllocation (Allocation Failure) done
Event: 4306.666 Executing safepoint VM operation: ParallelGCFailedAllocation (Allocation Failure)
Event: 4306.669 Executing safepoint VM operation: ParallelGCFailedAllocation (Allocation Failure) done
Event: 4307.050 Executing safepoint VM operation: ParallelGCFailedAllocation (Allocation Failure)
Event: 4307.052 Executing safepoint VM operation: ParallelGCFailedAllocation (Allocation Failure) done

Memory protections (0 events):
No events

Nmethod flushes (20 events):
Event: 1393.570 Thread 0x000001354585c880 flushing  nmethod 0x0000013549daad10
Event: 1393.570 Thread 0x000001354585c880 flushing  nmethod 0x0000013549dab310
Event: 1393.570 Thread 0x000001354585c880 flushing  nmethod 0x0000013549dab710
Event: 1393.570 Thread 0x000001354585c880 flushing  nmethod 0x0000013549dabb10
Event: 1393.570 Thread 0x000001354585c880 flushing  nmethod 0x0000013549dabe90
Event: 1393.570 Thread 0x000001354585c880 flushing  nmethod 0x0000013549dac410
Event: 1393.570 Thread 0x000001354585c880 flushing  nmethod 0x0000013549dadd90
Event: 1393.570 Thread 0x000001354585c880 flushing  nmethod 0x0000013549dae310
Event: 1393.570 Thread 0x000001354585c880 flushing  nmethod 0x0000013549dae890
Event: 1393.570 Thread 0x000001354585c880 flushing  nmethod 0x0000013549daee10
Event: 1393.570 Thread 0x000001354585c880 flushing  nmethod 0x0000013549dafb90
Event: 1393.570 Thread 0x000001354585c880 flushing  nmethod 0x0000013549db0290
Event: 1393.570 Thread 0x000001354585c880 flushing  nmethod 0x0000013549db0790
Event: 1393.570 Thread 0x000001354585c880 flushing  nmethod 0x0000013549db1090
Event: 1393.570 Thread 0x000001354585c880 flushing  nmethod 0x0000013549db2890
Event: 1393.570 Thread 0x000001354585c880 flushing  nmethod 0x0000013549db2f10
Event: 1393.570 Thread 0x000001354585c880 flushing  nmethod 0x0000013549db3490
Event: 1393.570 Thread 0x000001354585c880 flushing  nmethod 0x0000013549db4410
Event: 1393.570 Thread 0x000001354585c880 flushing  nmethod 0x0000013549de7910
Event: 1393.570 Thread 0x000001354585c880 flushing  nmethod 0x0000013549e52790

Events (20 events):
Event: 2718.278 Thread 0x0000013545705080 Thread added: 0x00000135618467b0
Event: 2719.914 Thread 0x00000135618467b0 Thread exited: 0x00000135618467b0
Event: 2737.791 Thread 0x00000135624f3770 Thread added: 0x00000135620c0d30
Event: 2798.469 Thread 0x0000013562982780 Thread exited: 0x0000013562982780
Event: 2837.649 Thread 0x00000135620c0d30 Thread added: 0x00000135620c2770
Event: 2837.809 Thread 0x0000013545705080 Thread added: 0x0000013561986060
Event: 2837.967 Thread 0x0000013561986060 Thread exited: 0x0000013561986060
Event: 2889.907 Thread 0x00000135624f4b20 Thread exited: 0x00000135624f4b20
Event: 2897.767 Thread 0x00000135620c2770 Thread exited: 0x00000135620c2770
Event: 2920.744 Thread 0x00000135620c0d30 Thread added: 0x00000135620c2770
Event: 2920.747 Thread 0x00000135620c2770 Thread exited: 0x00000135620c2770
Event: 2920.759 Thread 0x00000135620c0d30 Thread added: 0x00000135620c2770
Event: 2920.761 Thread 0x00000135620c2770 Thread exited: 0x00000135620c2770
Event: 3037.870 Thread 0x00000135629820f0 Thread exited: 0x00000135629820f0
Event: 3137.566 Thread 0x000001356297f990 Thread exited: 0x000001356297f990
Event: 4286.603 Thread 0x00000135620c0d30 Thread added: 0x00000135620c2770
Event: 4286.604 Thread 0x00000135620c0d30 Thread added: 0x00000135620c06a0
Event: 4287.270 Thread 0x00000135620c0d30 Thread added: 0x000001356297f990
Event: 4289.996 Thread 0x00000135620c0d30 Thread added: 0x00000135629820f0
Event: 4306.546 Thread 0x0000013545705080 Thread added: 0x00000135657c48c0


Dynamic libraries:
0x00007ff605e50000 - 0x00007ff605e5e000 	c:\Users\HP\.vscode\extensions\redhat.java-1.53.0-win32-x64\jre\21.0.10-win32-x86_64\bin\java.exe
0x00007ffd2a330000 - 0x00007ffd2a547000 	C:\Windows\SYSTEM32\ntdll.dll
0x00007ffd28650000 - 0x00007ffd28714000 	C:\Windows\System32\KERNEL32.DLL
0x00007ffd277d0000 - 0x00007ffd27b87000 	C:\Windows\System32\KERNELBASE.dll
0x00007ffd27640000 - 0x00007ffd27751000 	C:\Windows\System32\ucrtbase.dll
0x00007ffd25920000 - 0x00007ffd25938000 	c:\Users\HP\.vscode\extensions\redhat.java-1.53.0-win32-x64\jre\21.0.10-win32-x86_64\bin\jli.dll
0x00007ffd28060000 - 0x00007ffd2820f000 	C:\Windows\System32\USER32.dll
0x00007ffd27da0000 - 0x00007ffd27dc6000 	C:\Windows\System32\win32u.dll
0x00007ffd28f50000 - 0x00007ffd28f79000 	C:\Windows\System32\GDI32.dll
0x00007ffd27f10000 - 0x00007ffd28028000 	C:\Windows\System32\gdi32full.dll
0x00007ffd27b90000 - 0x00007ffd27c2a000 	C:\Windows\System32\msvcp_win.dll
0x00007ffd1f5c0000 - 0x00007ffd1f5de000 	c:\Users\HP\.vscode\extensions\redhat.java-1.53.0-win32-x64\jre\21.0.10-win32-x86_64\bin\VCRUNTIME140.dll
0x00007ffd26830000 - 0x00007ffd26ac3000 	C:\Windows\WinSxS\amd64_microsoft.windows.common-controls_6595b64144ccf1df_6.0.22621.3672_none_2713b9d173822955\COMCTL32.dll
0x00007ffd28300000 - 0x00007ffd283a7000 	C:\Windows\System32\msvcrt.dll
0x00007ffd283b0000 - 0x00007ffd283e1000 	C:\Windows\System32\IMM32.DLL
0x00007ffd26040000 - 0x00007ffd2604c000 	c:\Users\HP\.vscode\extensions\redhat.java-1.53.0-win32-x64\jre\21.0.10-win32-x86_64\bin\vcruntime140_1.dll
0x00007ffced4e0000 - 0x00007ffced56d000 	c:\Users\HP\.vscode\extensions\redhat.java-1.53.0-win32-x64\jre\21.0.10-win32-x86_64\bin\msvcp140.dll
0x00007ffc63950000 - 0x00007ffc646f1000 	c:\Users\HP\.vscode\extensions\redhat.java-1.53.0-win32-x64\jre\21.0.10-win32-x86_64\bin\server\jvm.dll
0x00007ffd29010000 - 0x00007ffd290c2000 	C:\Windows\System32\ADVAPI32.dll
0x00007ffd29410000 - 0x00007ffd294b8000 	C:\Windows\System32\sechost.dll
0x00007ffd28030000 - 0x00007ffd28058000 	C:\Windows\System32\bcrypt.dll
0x00007ffd2a1d0000 - 0x00007ffd2a2e4000 	C:\Windows\System32\RPCRT4.dll
0x00007ffd28d00000 - 0x00007ffd28d71000 	C:\Windows\System32\WS2_32.dll
0x00007ffd27460000 - 0x00007ffd274ad000 	C:\Windows\SYSTEM32\POWRPROF.dll
0x00007ffd1f8b0000 - 0x00007ffd1f8e4000 	C:\Windows\SYSTEM32\WINMM.dll
0x00007ffd208a0000 - 0x00007ffd208aa000 	C:\Windows\SYSTEM32\VERSION.dll
0x00007ffd27340000 - 0x00007ffd27353000 	C:\Windows\SYSTEM32\UMPDC.dll
0x00007ffd25770000 - 0x00007ffd25788000 	C:\Windows\SYSTEM32\kernel.appcore.dll
0x00007ffd25ed0000 - 0x00007ffd25eda000 	c:\Users\HP\.vscode\extensions\redhat.java-1.53.0-win32-x64\jre\21.0.10-win32-x86_64\bin\jimage.dll
0x00007ffd26eb0000 - 0x00007ffd270e2000 	C:\Windows\SYSTEM32\DBGHELP.DLL
0x00007ffd28720000 - 0x00007ffd28aae000 	C:\Windows\System32\combase.dll
0x00007ffd28210000 - 0x00007ffd282e7000 	C:\Windows\System32\OLEAUT32.dll
0x00007ffd26da0000 - 0x00007ffd26dd2000 	C:\Windows\SYSTEM32\dbgcore.DLL
0x00007ffd27dd0000 - 0x00007ffd27e4b000 	C:\Windows\System32\bcryptPrimitives.dll
0x00007ffd1f650000 - 0x00007ffd1f65f000 	c:\Users\HP\.vscode\extensions\redhat.java-1.53.0-win32-x64\jre\21.0.10-win32-x86_64\bin\instrument.dll
0x00007ffd1a6f0000 - 0x00007ffd1a710000 	c:\Users\HP\.vscode\extensions\redhat.java-1.53.0-win32-x64\jre\21.0.10-win32-x86_64\bin\java.dll
0x00007ffd294e0000 - 0x00007ffd29d49000 	C:\Windows\System32\SHELL32.dll
0x00007ffd24690000 - 0x00007ffd24f8f000 	C:\Windows\SYSTEM32\windows.storage.dll
0x00007ffd24550000 - 0x00007ffd2468f000 	C:\Windows\SYSTEM32\wintypes.dll
0x00007ffd290e0000 - 0x00007ffd291d9000 	C:\Windows\System32\SHCORE.dll
0x00007ffd28b10000 - 0x00007ffd28b6e000 	C:\Windows\System32\shlwapi.dll
0x00007ffd27570000 - 0x00007ffd27597000 	C:\Windows\SYSTEM32\profapi.dll
0x00007ffd1a6d0000 - 0x00007ffd1a6e8000 	c:\Users\HP\.vscode\extensions\redhat.java-1.53.0-win32-x64\jre\21.0.10-win32-x86_64\bin\zip.dll
0x00007ffd1f5f0000 - 0x00007ffd1f600000 	C:\Users\HP\.vscode\extensions\redhat.java-1.53.0-win32-x64\jre\21.0.10-win32-x86_64\bin\net.dll
0x00007ffd1d5b0000 - 0x00007ffd1d6e6000 	C:\Windows\SYSTEM32\WINHTTP.dll
0x00007ffd25cd0000 - 0x00007ffd25d39000 	C:\Windows\system32\mswsock.dll
0x00007ffd1a6b0000 - 0x00007ffd1a6c6000 	C:\Users\HP\.vscode\extensions\redhat.java-1.53.0-win32-x64\jre\21.0.10-win32-x86_64\bin\nio.dll
0x00007ffd1d8f0000 - 0x00007ffd1d900000 	c:\Users\HP\.vscode\extensions\redhat.java-1.53.0-win32-x64\jre\21.0.10-win32-x86_64\bin\verify.dll
0x00007ffcec230000 - 0x00007ffcec275000 	C:\Users\HP\AppData\Roaming\Code\User\globalStorage\redhat.java\1.53.0\config_win\org.eclipse.equinox.launcher\org.eclipse.equinox.launcher.win32.win32.x86_64_1.3.0.v20260203-2149\eclipse_11919.dll
0x00007ffd283f0000 - 0x00007ffd28595000 	C:\Windows\System32\ole32.dll
0x00007ffd271f0000 - 0x00007ffd2720b000 	C:\Windows\SYSTEM32\CRYPTSP.dll
0x00007ffd256d0000 - 0x00007ffd25705000 	C:\Windows\system32\rsaenh.dll
0x00007ffd26640000 - 0x00007ffd26668000 	C:\Windows\SYSTEM32\USERENV.dll
0x00007ffd26670000 - 0x00007ffd2667c000 	C:\Windows\SYSTEM32\CRYPTBASE.dll
0x00007ffd25230000 - 0x00007ffd2525d000 	C:\Windows\SYSTEM32\IPHLPAPI.DLL
0x00007ffd28d80000 - 0x00007ffd28d89000 	C:\Windows\System32\NSI.dll
0x00007ffce0460000 - 0x00007ffce04a9000 	C:\Users\HP\AppData\Local\Temp\jna-2312\jna15929805376038348977.dll
0x00007ffd28bf0000 - 0x00007ffd28bf8000 	C:\Windows\System32\PSAPI.DLL
0x00007ffd1d490000 - 0x00007ffd1d4a9000 	C:\Windows\SYSTEM32\dhcpcsvc6.DLL
0x00007ffd1d470000 - 0x00007ffd1d48f000 	C:\Windows\SYSTEM32\dhcpcsvc.DLL
0x00007ffd26e70000 - 0x00007ffd26ea4000 	C:\Windows\SYSTEM32\ntmarta.dll

JVMTI agents:
c:\Users\HP\.vscode\extensions\redhat.java-1.53.0-win32-x64\lombok\lombok-1.18.39-4050.jar path:c:\Users\HP\.vscode\extensions\redhat.java-1.53.0-win32-x64\jre\21.0.10-win32-x86_64\bin\instrument.dll, loaded, initialized, instrumentlib options:none

dbghelp: loaded successfully - version: 4.0.5 - missing functions: none
symbol engine: initialized successfully - sym options: 0x614 - pdb path: .;c:\Users\HP\.vscode\extensions\redhat.java-1.53.0-win32-x64\jre\21.0.10-win32-x86_64\bin;C:\Windows\SYSTEM32;C:\Windows\WinSxS\amd64_microsoft.windows.common-controls_6595b64144ccf1df_6.0.22621.3672_none_2713b9d173822955;c:\Users\HP\.vscode\extensions\redhat.java-1.53.0-win32-x64\jre\21.0.10-win32-x86_64\bin\server;C:\Users\HP\AppData\Roaming\Code\User\globalStorage\redhat.java\1.53.0\config_win\org.eclipse.equinox.launcher\org.eclipse.equinox.launcher.win32.win32.x86_64_1.3.0.v20260203-2149;C:\Users\HP\AppData\Local\Temp\jna-2312

VM Arguments:
jvm_args: --add-modules=ALL-SYSTEM --add-opens=java.base/java.util=ALL-UNNAMED --add-opens=java.base/java.lang=ALL-UNNAMED --add-opens=java.base/sun.nio.fs=ALL-UNNAMED -Declipse.application=org.eclipse.jdt.ls.core.id1 -Dosgi.bundles.defaultStartLevel=4 -Declipse.product=org.eclipse.jdt.ls.core.product -Djava.import.generatesMetadataFilesAtProjectRoot=false -DDetectVMInstallationsJob.disabled=true -Dfile.encoding=utf8 -XX:+UseParallelGC -XX:GCTimeRatio=4 -XX:AdaptiveSizePolicyWeight=90 -Dsun.zip.disableMemoryMapping=true -Xmx2G -Xms100m -Xlog:disable -javaagent:c:\Users\HP\.vscode\extensions\redhat.java-1.53.0-win32-x64\lombok\lombok-1.18.39-4050.jar -XX:+HeapDumpOnOutOfMemoryError -XX:HeapDumpPath=c:\Users\HP\AppData\Roaming\Code\User\workspaceStorage\f90e1d1b6954b98ca7c92990ee30820b\redhat.java -Daether.dependencyCollector.impl=bf 
java_command: c:\Users\HP\.vscode\extensions\redhat.java-1.53.0-win32-x64\server\plugins\org.eclipse.equinox.launcher_1.7.100.v20251111-0406.jar -configuration c:\Users\HP\AppData\Roaming\Code\User\globalStorage\redhat.java\1.53.0\config_win -data c:\Users\HP\AppData\Roaming\Code\User\workspaceStorage\f90e1d1b6954b98ca7c92990ee30820b\redhat.java\jdt_ws --pipe=\\.\pipe\lsp-fdb3596d7d9c5750a100c282d6cf25b6-sock
java_class_path (initial): c:\Users\HP\.vscode\extensions\redhat.java-1.53.0-win32-x64\server\plugins\org.eclipse.equinox.launcher_1.7.100.v20251111-0406.jar
Launcher Type: SUN_STANDARD

[Global flags]
    uintx AdaptiveSizePolicyWeight                 = 90                                        {product} {command line}
     intx CICompilerCount                          = 3                                         {product} {ergonomic}
    uintx GCTimeRatio                              = 4                                         {product} {command line}
     bool HeapDumpOnOutOfMemoryError               = true                                   {manageable} {command line}
    ccstr HeapDumpPath                             = c:\Users\HP\AppData\Roaming\Code\User\workspaceStorage\f90e1d1b6954b98ca7c92990ee30820b\redhat.java         {manageable} {command line}
   size_t InitialHeapSize                          = 104857600                                 {product} {command line}
   size_t MaxHeapSize                              = 2147483648                                {product} {command line}
   size_t MaxNewSize                               = 715653120                                 {product} {ergonomic}
   size_t MinHeapDeltaBytes                        = 524288                                    {product} {ergonomic}
   size_t MinHeapSize                              = 104857600                                 {product} {command line}
   size_t NewSize                                  = 34603008                                  {product} {ergonomic}
    uintx NonNMethodCodeHeapSize                   = 5832780                                {pd product} {ergonomic}
    uintx NonProfiledCodeHeapSize                  = 122912730                              {pd product} {ergonomic}
   size_t OldSize                                  = 70254592                                  {product} {ergonomic}
    uintx ProfiledCodeHeapSize                     = 122912730                              {pd product} {ergonomic}
    uintx ReservedCodeCacheSize                    = 251658240                              {pd product} {ergonomic}
     bool SegmentedCodeCache                       = true                                      {product} {ergonomic}
   size_t SoftMaxHeapSize                          = 2147483648                             {manageable} {ergonomic}
     bool UseCompressedOops                        = true                           {product lp64_product} {ergonomic}
     bool UseLargePagesIndividualAllocation        = false                                  {pd product} {ergonomic}
     bool UseParallelGC                            = true                                      {product} {command line}

Logging:
Log output configuration:
 #0: stdout all=off uptime,level,tags foldmultilines=false
 #1: stderr all=off uptime,level,tags foldmultilines=false

Release file:
JAVA_VERSION="21.0.10" 
MODULES="java.base java.compiler java.datatransfer java.xml java.prefs java.desktop java.instrument java.logging java.management java.security.sasl java.naming java.rmi java.management.rmi java.net.http java.scripting java.security.jgss java.transaction.xa java.sql java.sql.rowset java.xml.crypto java.se java.smartcardio jdk.accessibility jdk.internal.jvmstat jdk.attach jdk.charsets jdk.internal.opt jdk.zipfs jdk.compiler jdk.crypto.ec jdk.crypto.cryptoki jdk.crypto.mscapi jdk.dynalink jdk.internal.ed jdk.editpad jdk.hotspot.agent jdk.httpserver jdk.internal.le jdk.internal.vm.ci jdk.internal.vm.compiler jdk.internal.vm.compiler.management jdk.jartool jdk.javadoc jdk.jcmd jdk.management jdk.management.agent jdk.jconsole jdk.jdeps jdk.jdwp.agent jdk.jdi jdk.jfr jdk.jshell jdk.jsobject jdk.jstatd jdk.localedata jdk.management.jfr jdk.naming.dns jdk.naming.rmi jdk.net jdk.nio.mapmode jdk.random jdk.sctp jdk.security.auth jdk.security.jgss jdk.unsupported jdk.unsupported.desktop jdk.xml.dom" 

Environment Variables:
PATH=C:\Users\HP\AppData\Local\Programs\Microsoft VS Code;C:\Users\HP\Desktop\apache-maven-3.9.12-bin\apache-maven-3.9.12\bin;C:\Windows\system32;C:\Windows;C:\Windows\System32\Wbem;C:\Windows\System32\WindowsPowerShell\v1.0\;C:\Windows\System32\OpenSSH\;C:\Program Files\dotnet\;C:\Program Files (x86)\Microsoft SQL Server\160\Tools\Binn\;C:\Program Files\Microsoft SQL Server\160\Tools\Binn\;C:\Program Files\Microsoft SQL Server\Client SDK\ODBC\170\Tools\Binn\;C:\Program Files\Microsoft SQL Server\160\DTS\Binn\;C:\Program Files (x86)\Microsoft SQL Server\160\DTS\Binn\;C:\Program Files\MySQL\MySQL Server 8.0\bin;C:\Windows\Microsoft.NET\Framework64\v4.0.30319;C:\Program Files\Git\cmd;C:\Program Files\Git\cmd;C:\Program Files\MongoDB\mongodb-database-tools-windows-x86_64-100.13.0\bin;C:\Program Files\MongoDB\mongosh-2.5.8-win32-x64\bin;C:\Program Files\MongoDB\Server\8.2\bin;C:\Program Files\MongoDB\ODBC\1.4\bin;C:\Program Files\MongoDB\Connector for BI\2.14\bin;C:\Program Files\nodejs\;%JAVA_HOME%\bin;C:\Program Files\Java\jdk-21\bin;C:\my software\dart-sdk\bin;C:\Users\HP\AppData\Local\Programs\Python\Python314\Scripts\;C:\Users\HP\AppData\Local\Programs\Python\Python314\;C:\Users\HP\AppData\Local\Programs\Python\Launcher\;C:\Program Files\MySQL\MySQL Shell 8.0\bin\;C:\Users\HP\AppData\Local\Microsoft\WindowsApps;C:\Users\HP\.dotnet\tools;C:\Users\HP\AppData\Local\GitHubDesktop\bin;C:\Users\HP\AppData\Roaming\npm;C:\Users\HP\AppData\Local\Programs\Microsoft VS Code\bin
USERNAME=HP
OS=Windows_NT
PROCESSOR_IDENTIFIER=Intel64 Family 6 Model 78 Stepping 3, GenuineIntel
TMP=C:\Users\HP\AppData\Local\Temp
TEMP=C:\Users\HP\AppData\Local\Temp




Periodic native trim disabled

---------------  S Y S T E M  ---------------

OS:
 Windows 11 , 64 bit Build 22621 (10.0.22621.3958)
OS uptime: 0 days 3:02 hours

CPU: total 4 (initial active 4) (2 cores per cpu, 2 threads per core) family 6 model 78 stepping 3 microcode 0xf0, cx8, cmov, fxsr, ht, mmx, 3dnowpref, sse, sse2, sse3, ssse3, sse4.1, sse4.2, popcnt, lzcnt, tsc, tscinvbit, avx, avx2, aes, erms, clmul, bmi1, bmi2, adx, fma, vzeroupper, clflush, clflushopt, rdtscp, f16c
Processor Information for the first 4 processors :
  Max Mhz: 2400, Current Mhz: 2300, Mhz Limit: 2280

Memory: 4k page, system-wide physical 8072M (352M free)
TotalPageFile size 16264M (AvailPageFile size 2M)
current process WorkingSet (physical memory assigned to process): 252M, peak: 426M
current process commit charge ("private bytes"): 798M, peak: 799M

vm_info: OpenJDK 64-Bit Server VM (21.0.10+7-LTS) for windows-amd64 JRE (21.0.10+7-LTS), built on 2026-01-20T00:00:00Z by "admin" with MS VC++ 17.12 (VS2022)

END.
